<?xml version="1.0" encoding="UTF-8"?>
<testsuite name="oracle.idaas.smartTest.dao.CodeCoverageDAOTest" tests="3" skipped="0" failures="0" errors="0" timestamp="2018-04-25T23:33:24" hostname="den01wid.us.oracle.com" time="0.913">
  <properties/>
  <testcase name="getClassCoverage" classname="oracle.idaas.smartTest.dao.CodeCoverageDAOTest" time="0.792"/>
  <testcase name="getCoveredPackages" classname="oracle.idaas.smartTest.dao.CodeCoverageDAOTest" time="0.059"/>
  <testcase name="getCoveredClasses" classname="oracle.idaas.smartTest.dao.CodeCoverageDAOTest" time="0.06"/>
  <system-out><![CDATA[coveredPackages = [oracle/idaas/social/object, oracle/idaas/social/manager/impl, oracle/idaas/social/util, oracle/idaas/social/common/constants]
coveredClasses = [oracle/idaas/social/object/SocialIdentityProvider, oracle/idaas/social/manager/impl/SocialAccountManagerImpl, oracle/idaas/social/util/SocialAccountHelper, oracle/idaas/social/common/constants/SocialCapability, oracle/idaas/social/object/SocialAccount, oracle/idaas/social/util/SupportedSocialIdentityProvidersHelper, oracle/idaas/social/manager/impl/SocialIdentityProviderManagerImpl]
]]></system-out>
  <system-err><![CDATA[]]></system-err>
</testsuite>
